<?xml version="1.0" encoding="UTF-8"?>
<testsuite xmlns:xsi="http://www.w3.org/2001/XMLSchema-instance" xsi:noNamespaceSchemaLocation="https://maven.apache.org/surefire/maven-surefire-plugin/xsd/surefire-test-report-3.0.xsd" version="3.0" name="testRunner.ChromeTest" time="116.413" tests="2" errors="0" skipped="0" failures="0">
  <properties>
[...]
</properties>
  <testcase name="fetch login page title" classname="validate end to end testing of login page" time="2.818">
    <system-out><![CDATA[************* Chrome Test environment Start ********************

Scenario: fetch login page title # src/test/java/Features/LoginPage.feature:3
  Given login page open properly # Steps.LoginPageSteps.login_page_open_properly()
Doxa Connex 2.0
  Then fetch login page title    # Steps.LoginPageSteps.fetch_login_page_title()
]]></system-out>
    <system-err><![CDATA[SLF4J: Failed to load class "org.slf4j.impl.StaticLoggerBinder".
SLF4J: Defaulting to no-operation (NOP) logger implementation
SLF4J: See http://www.slf4j.org/codes.html#StaticLoggerBinder for further details.
ERROR StatusLogger Log4j2 could not find a logging implementation. Please add log4j-core to the classpath. Using SimpleLogger to log to the console...
Starting ChromeDriver 98.0.4758.80 (7f0488e8ba0d8e019187c6325a16c29d9b7f4989-refs/branch-heads/4758@{#972}) on port 59702
Only local connections are allowed.
Please see https://chromedriver.chromium.org/security-considerations for suggestions on keeping ChromeDriver safe.
ChromeDriver was started successfully.
Feb 15, 2022 9:18:21 PM org.openqa.selenium.remote.ProtocolHandshake createSession
INFO: Detected dialect: W3C
Feb 15, 2022 9:18:22 PM org.openqa.selenium.devtools.CdpVersionFinder findNearestMatch
WARNING: Unable to find an exact match for CDP version 98, so returning the closest version found: 96
Feb 15, 2022 9:18:22 PM org.openqa.selenium.devtools.CdpVersionFinder findNearestMatch
INFO: Found CDP implementation for version 98 of 96
]]></system-err>
  </testcase>
  <testcase name="do negative login" classname="validate end to end testing of login page" time="24.353">
    <system-out><![CDATA[
Scenario Outline: do negative login       # src/test/java/Features/LoginPage.feature:15
  Given enter email id as "abc@gmail.com" # Steps.LoginPageSteps.enter_email_id_as(java.lang.String)
  And enter password as "abc"             # Steps.LoginPageSteps.enter_password_as(java.lang.String)
  When click on submit button             # Steps.LoginPageSteps.click_on_submit_button()
Your username and password is invalid.
  Then fetch error message                # Steps.LoginPageSteps.fetch_error_message()
]]></system-out>
  </testcase>
</testsuite>